nohup: ignoring input
/opt/amdgpu/share/libdrm/amdgpu.ids: No such file or directory
/opt/amdgpu/share/libdrm/amdgpu.ids: No such file or directory
Using CUDA device: AMD Radeon Graphics
Train rows: 145449
Test rows: 9999
Building dataset: 0/145449 claims processed
Building dataset: 1000/145449 claims processed
Building dataset: 2000/145449 claims processed
Building dataset: 3000/145449 claims processed
Building dataset: 4000/145449 claims processed
Building dataset: 5000/145449 claims processed
Building dataset: 6000/145449 claims processed
Building dataset: 7000/145449 claims processed
Building dataset: 8000/145449 claims processed
Building dataset: 9000/145449 claims processed
Building dataset: 10000/145449 claims processed
Building dataset: 11000/145449 claims processed
Building dataset: 12000/145449 claims processed
Building dataset: 13000/145449 claims processed
Building dataset: 14000/145449 claims processed
Building dataset: 15000/145449 claims processed
Building dataset: 16000/145449 claims processed
Building dataset: 17000/145449 claims processed
Building dataset: 18000/145449 claims processed
Building dataset: 19000/145449 claims processed
Building dataset: 20000/145449 claims processed
Building dataset: 21000/145449 claims processed
Building dataset: 22000/145449 claims processed
Building dataset: 23000/145449 claims processed
Building dataset: 24000/145449 claims processed
Building dataset: 25000/145449 claims processed
Building dataset: 26000/145449 claims processed
Building dataset: 27000/145449 claims processed
Building dataset: 28000/145449 claims processed
Building dataset: 29000/145449 claims processed
Building dataset: 30000/145449 claims processed
Building dataset: 31000/145449 claims processed
Building dataset: 32000/145449 claims processed
Building dataset: 33000/145449 claims processed
Building dataset: 34000/145449 claims processed
Building dataset: 35000/145449 claims processed
Building dataset: 36000/145449 claims processed
Building dataset: 37000/145449 claims processed
Building dataset: 38000/145449 claims processed
Building dataset: 39000/145449 claims processed
Building dataset: 40000/145449 claims processed
Building dataset: 41000/145449 claims processed
Building dataset: 42000/145449 claims processed
Building dataset: 43000/145449 claims processed
Building dataset: 44000/145449 claims processed
Building dataset: 45000/145449 claims processed
Building dataset: 46000/145449 claims processed
Building dataset: 47000/145449 claims processed
Building dataset: 48000/145449 claims processed
Building dataset: 49000/145449 claims processed
Building dataset: 50000/145449 claims processed
Building dataset: 51000/145449 claims processed
Building dataset: 52000/145449 claims processed
Building dataset: 53000/145449 claims processed
Building dataset: 54000/145449 claims processed
Building dataset: 55000/145449 claims processed
Building dataset: 56000/145449 claims processed
Building dataset: 57000/145449 claims processed
Building dataset: 58000/145449 claims processed
Building dataset: 59000/145449 claims processed
Building dataset: 60000/145449 claims processed
Building dataset: 61000/145449 claims processed
Building dataset: 62000/145449 claims processed
Building dataset: 63000/145449 claims processed
Building dataset: 64000/145449 claims processed
Building dataset: 65000/145449 claims processed
Building dataset: 66000/145449 claims processed
Building dataset: 67000/145449 claims processed
Building dataset: 68000/145449 claims processed
Building dataset: 69000/145449 claims processed
Building dataset: 70000/145449 claims processed
Building dataset: 71000/145449 claims processed
Building dataset: 72000/145449 claims processed
Building dataset: 73000/145449 claims processed
Building dataset: 74000/145449 claims processed
Building dataset: 75000/145449 claims processed
Building dataset: 76000/145449 claims processed
Building dataset: 77000/145449 claims processed
Building dataset: 78000/145449 claims processed
Building dataset: 79000/145449 claims processed
Building dataset: 80000/145449 claims processed
Building dataset: 81000/145449 claims processed
Building dataset: 82000/145449 claims processed
Building dataset: 83000/145449 claims processed
Building dataset: 84000/145449 claims processed
Building dataset: 85000/145449 claims processed
Building dataset: 86000/145449 claims processed
Building dataset: 87000/145449 claims processed
Building dataset: 88000/145449 claims processed
Building dataset: 89000/145449 claims processed
Building dataset: 90000/145449 claims processed
Building dataset: 91000/145449 claims processed
Building dataset: 92000/145449 claims processed
Building dataset: 93000/145449 claims processed
Building dataset: 94000/145449 claims processed
Building dataset: 95000/145449 claims processed
Building dataset: 96000/145449 claims processed
Building dataset: 97000/145449 claims processed
Building dataset: 98000/145449 claims processed
Building dataset: 99000/145449 claims processed
Building dataset: 100000/145449 claims processed
Building dataset: 101000/145449 claims processed
Building dataset: 102000/145449 claims processed
Building dataset: 103000/145449 claims processed
Building dataset: 104000/145449 claims processed
Building dataset: 105000/145449 claims processed
Building dataset: 106000/145449 claims processed
Building dataset: 107000/145449 claims processed
Building dataset: 108000/145449 claims processed
Building dataset: 109000/145449 claims processed
Building dataset: 110000/145449 claims processed
Building dataset: 111000/145449 claims processed
Building dataset: 112000/145449 claims processed
Building dataset: 113000/145449 claims processed
Building dataset: 114000/145449 claims processed
Building dataset: 115000/145449 claims processed
Building dataset: 116000/145449 claims processed
Building dataset: 117000/145449 claims processed
Building dataset: 118000/145449 claims processed
Building dataset: 119000/145449 claims processed
Building dataset: 120000/145449 claims processed
Building dataset: 121000/145449 claims processed
Building dataset: 122000/145449 claims processed
Building dataset: 123000/145449 claims processed
Building dataset: 124000/145449 claims processed
Building dataset: 125000/145449 claims processed
Building dataset: 126000/145449 claims processed
Building dataset: 127000/145449 claims processed
Building dataset: 128000/145449 claims processed
Building dataset: 129000/145449 claims processed
Building dataset: 130000/145449 claims processed
Building dataset: 131000/145449 claims processed
Building dataset: 132000/145449 claims processed
Building dataset: 133000/145449 claims processed
Building dataset: 134000/145449 claims processed
Building dataset: 135000/145449 claims processed
Building dataset: 136000/145449 claims processed
Building dataset: 137000/145449 claims processed
Building dataset: 138000/145449 claims processed
Building dataset: 139000/145449 claims processed
Building dataset: 140000/145449 claims processed
Building dataset: 141000/145449 claims processed
Building dataset: 142000/145449 claims processed
Building dataset: 143000/145449 claims processed
Building dataset: 144000/145449 claims processed
Building dataset: 145000/145449 claims processed
Building dataset: 0/9999 claims processed
Building dataset: 1000/9999 claims processed
Building dataset: 2000/9999 claims processed
Building dataset: 3000/9999 claims processed
Building dataset: 4000/9999 claims processed
Building dataset: 5000/9999 claims processed
Building dataset: 6000/9999 claims processed
Building dataset: 7000/9999 claims processed
Building dataset: 8000/9999 claims processed
Building dataset: 9000/9999 claims processed
Train samples: 1613792
Test samples: 81369
Loading weights:   0%|          | 0/197 [00:00<?, ?it/s]Loading weights: 100%|██████████| 197/197 [00:00<00:00, 17240.70it/s]
[1mRobertaModel LOAD REPORT[0m from: roberta-base
Key                             | Status     | 
--------------------------------+------------+-
roberta.embeddings.position_ids | UNEXPECTED | 
lm_head.dense.weight            | UNEXPECTED | 
lm_head.dense.bias              | UNEXPECTED | 
lm_head.bias                    | UNEXPECTED | 
lm_head.layer_norm.bias         | UNEXPECTED | 
lm_head.layer_norm.weight       | UNEXPECTED | 
pooler.dense.bias               | MISSING    | 
pooler.dense.weight             | MISSING    | 

[3mNotes:
- UNEXPECTED[3m	:can be ignored when loading from different task/architecture; not ok if you expect identical arch.
- MISSING[3m	:those params were newly initialized because missing from the checkpoint. Consider training on your downstream task.[0m
  Batch 0/12608 — Loss: 1.1235
